<?xml version="1.0" encoding="UTF-8"?>
<testsuite xmlns:xsi="http://www.w3.org/2001/XMLSchema-instance" xsi:noNamespaceSchemaLocation="https://maven.apache.org/surefire/maven-surefire-plugin/xsd/surefire-test-report-3.0.xsd" version="3.0" name="com.example.demo.AplicacionBancaApplicationTests" time="4.918" tests="1" errors="0" skipped="0" failures="0">
  <properties>
[...]
</properties>
  <testcase name="contextLoads" classname="com.example.demo.AplicacionBancaApplicationTests" time="0.665">
    <system-out><![CDATA[13:49:48.893 [main] INFO org.springframework.test.context.support.AnnotationConfigContextLoaderUtils -- Could not detect default configuration classes for test class [com.example.demo.AplicacionBancaApplicationTests]: AplicacionBancaApplicationTests does not declare any static, non-private, non-final, nested classes annotated with @Configuration.
13:49:48.982 [main] INFO org.springframework.boot.test.context.SpringBootTestContextBootstrapper -- Found @SpringBootConfiguration com.example.demo.AplicacionBancaApplication for test class com.example.demo.AplicacionBancaApplicationTests

  .   ____          _            __ _ _
 /\\ / ___'_ __ _ _(_)_ __  __ _ \ \ \ \
( ( )\___ | '_ | '_| | '_ \/ _` | \ \ \ \
 \\/  ___)| |_)| | | | | || (_| |  ) ) ) )
  '  |____| .__|_| |_|_| |_\__, | / / / /
 =========|_|==============|___/=/_/_/_/
 :: Spring Boot ::                (v3.1.2)

2023-08-23T13:49:49.412+02:00  INFO 1528 --- [           main] c.e.d.AplicacionBancaApplicationTests    : Starting AplicacionBancaApplicationTests using Java 17.0.6 with PID 1528 (started by aebohper in C:\Users\aebohper\Documents\GitHub\AplicacionBanca)
2023-08-23T13:49:49.413+02:00  INFO 1528 --- [           main] c.e.d.AplicacionBancaApplicationTests    : No active profile set, falling back to 1 default profile: "default"
2023-08-23T13:49:50.080+02:00  INFO 1528 --- [           main] .s.d.r.c.RepositoryConfigurationDelegate : Multiple Spring Data modules found, entering strict repository configuration mode
2023-08-23T13:49:50.082+02:00  INFO 1528 --- [           main] .s.d.r.c.RepositoryConfigurationDelegate : Bootstrapping Spring Data JDBC repositories in DEFAULT mode.
2023-08-23T13:49:50.099+02:00  INFO 1528 --- [           main] .s.d.r.c.RepositoryConfigurationDelegate : Finished Spring Data repository scanning in 12 ms. Found 0 JDBC repository interfaces.
2023-08-23T13:49:50.112+02:00  INFO 1528 --- [           main] .s.d.r.c.RepositoryConfigurationDelegate : Multiple Spring Data modules found, entering strict repository configuration mode
2023-08-23T13:49:50.112+02:00  INFO 1528 --- [           main] .s.d.r.c.RepositoryConfigurationDelegate : Bootstrapping Spring Data JPA repositories in DEFAULT mode.
2023-08-23T13:49:50.117+02:00  INFO 1528 --- [           main] .s.d.r.c.RepositoryConfigurationDelegate : Finished Spring Data repository scanning in 1 ms. Found 0 JPA repository interfaces.
2023-08-23T13:49:50.258+02:00  INFO 1528 --- [           main] o.s.cloud.context.scope.GenericScope     : BeanFactory id=73ca989d-0e67-3ab6-b988-a518ca48ca26
2023-08-23T13:49:50.525+02:00  INFO 1528 --- [           main] com.zaxxer.hikari.HikariDataSource       : HikariPool-1 - Starting...
2023-08-23T13:49:50.685+02:00  INFO 1528 --- [           main] com.zaxxer.hikari.pool.HikariPool        : HikariPool-1 - Added connection conn0: url=jdbc:h2:mem:4de1ac1b-8c1c-4030-a91a-f0a56c28e6fb user=SA
2023-08-23T13:49:50.686+02:00  INFO 1528 --- [           main] com.zaxxer.hikari.HikariDataSource       : HikariPool-1 - Start completed.
2023-08-23T13:49:50.862+02:00  INFO 1528 --- [           main] o.hibernate.jpa.internal.util.LogHelper  : HHH000204: Processing PersistenceUnitInfo [name: default]
2023-08-23T13:49:50.933+02:00  INFO 1528 --- [           main] org.hibernate.Version                    : HHH000412: Hibernate ORM core version 6.2.6.Final
2023-08-23T13:49:50.936+02:00  INFO 1528 --- [           main] org.hibernate.cfg.Environment            : HHH000406: Using bytecode reflection optimizer
2023-08-23T13:49:51.162+02:00  INFO 1528 --- [           main] o.h.b.i.BytecodeProviderInitiator        : HHH000021: Bytecode provider name : bytebuddy
2023-08-23T13:49:51.314+02:00  INFO 1528 --- [           main] o.s.o.j.p.SpringPersistenceUnitInfo      : No LoadTimeWeaver setup: ignoring JPA class transformer
2023-08-23T13:49:51.457+02:00  INFO 1528 --- [           main] o.h.b.i.BytecodeProviderInitiator        : HHH000021: Bytecode provider name : bytebuddy
2023-08-23T13:49:51.641+02:00  INFO 1528 --- [           main] o.h.e.t.j.p.i.JtaPlatformInitiator       : HHH000490: Using JtaPlatform implementation: [org.hibernate.engine.transaction.jta.platform.internal.NoJtaPlatform]
2023-08-23T13:49:51.645+02:00  INFO 1528 --- [           main] j.LocalContainerEntityManagerFactoryBean : Initialized JPA EntityManagerFactory for persistence unit 'default'
2023-08-23T13:49:51.853+02:00  WARN 1528 --- [           main] JpaBaseConfiguration$JpaWebConfiguration : spring.jpa.open-in-view is enabled by default. Therefore, database queries may be performed during view rendering. Explicitly configure spring.jpa.open-in-view to disable this warning
2023-08-23T13:49:52.968+02:00  INFO 1528 --- [           main] c.e.d.AplicacionBancaApplicationTests    : Started AplicacionBancaApplicationTests in 3.849 seconds (process running for 4.743)
2023-08-23T13:49:52.971+02:00  INFO 1528 --- [           main] o.s.b.a.b.JobLauncherApplicationRunner   : Running default command line with: []
]]></system-out>
  </testcase>
</testsuite>